2025-12-06 15:52:06,548 [INFO] Loading cache...
2025-12-06 15:52:06,548 [INFO] Cache not found.
2025-12-06 15:52:06,548 [INFO] LandmarksClient initialized
2025-12-06 15:52:06,581 [INFO] Fetching landmarks...
2025-12-06 15:52:06,582 [INFO] Attempting to fetch landmarks for Redondo Beach, CA...
2025-12-06 15:52:10,520 [INFO] Fetched landmarks for Redondo Beach, CA successfully.
2025-12-06 15:52:10,520 [INFO] Caching 964 landmarks to Redondo Beach, CA...
2025-12-06 15:52:10,520 [INFO] Saving cache...
2025-12-06 15:52:10,530 [INFO] Cache saved successfully
2025-12-06 15:52:10,530 [INFO] Landmarks for Redondo Beach, CA cached successfully
2025-12-06 15:52:10,532 [INFO] Attempting to fetch landmarks for Newport News, VA...
2025-12-06 15:52:18,604 [INFO] Fetched landmarks for Newport News, VA successfully.
2025-12-06 15:52:18,604 [INFO] Caching 921 landmarks to Newport News, VA...
2025-12-06 15:52:18,604 [INFO] Saving cache...
2025-12-06 15:52:18,619 [INFO] Cache saved successfully
2025-12-06 15:52:18,620 [INFO] Landmarks for Newport News, VA cached successfully
2025-12-06 15:52:18,621 [INFO] Attempting to fetch landmarks for Raleigh, NC...
2025-12-06 15:52:25,784 [INFO] Fetched landmarks for Raleigh, NC successfully.
2025-12-06 15:52:25,785 [INFO] Caching 3705 landmarks to Raleigh, NC...
2025-12-06 15:52:25,785 [INFO] Saving cache...
2025-12-06 15:52:25,830 [INFO] Cache saved successfully
2025-12-06 15:52:25,830 [INFO] Landmarks for Raleigh, NC cached successfully
2025-12-06 15:52:25,832 [INFO] Attempting to fetch landmarks for Vacaville, CA...
2025-12-06 15:52:27,457 [INFO] Fetched landmarks for Vacaville, CA successfully.
2025-12-06 15:52:27,457 [INFO] Caching 280 landmarks to Vacaville, CA...
2025-12-06 15:52:27,457 [INFO] Saving cache...
2025-12-06 15:52:27,505 [INFO] Cache saved successfully
2025-12-06 15:52:27,505 [INFO] Landmarks for Vacaville, CA cached successfully
2025-12-06 15:52:27,506 [INFO] Attempting to fetch landmarks for Albuquerque, NM...
2025-12-06 15:52:32,438 [INFO] Fetched landmarks for Albuquerque, NM successfully.
2025-12-06 15:52:32,438 [INFO] Caching 14 landmarks to Albuquerque, NM...
2025-12-06 15:52:32,438 [INFO] Saving cache...
2025-12-06 15:52:32,485 [INFO] Cache saved successfully
2025-12-06 15:52:32,485 [INFO] Landmarks for Albuquerque, NM cached successfully
2025-12-06 15:52:32,487 [INFO] Attempting to fetch landmarks for Hampton, VA...
2025-12-06 15:52:38,086 [INFO] Fetched landmarks for Hampton, VA successfully.
2025-12-06 15:52:38,087 [INFO] Caching 940 landmarks to Hampton, VA...
2025-12-06 15:52:38,087 [INFO] Saving cache...
2025-12-06 15:52:38,141 [INFO] Cache saved successfully
2025-12-06 15:52:38,141 [INFO] Landmarks for Hampton, VA cached successfully
2025-12-06 15:52:38,143 [INFO] Attempting to fetch landmarks for Lakewood, CO...
2025-12-06 15:52:44,043 [INFO] Fetched landmarks for Lakewood, CO successfully.
2025-12-06 15:52:44,043 [INFO] Caching 2563 landmarks to Lakewood, CO...
2025-12-06 15:52:44,043 [INFO] Saving cache...
2025-12-06 15:52:44,120 [INFO] Cache saved successfully
2025-12-06 15:52:44,120 [INFO] Landmarks for Lakewood, CO cached successfully
2025-12-06 15:52:44,122 [INFO] Attempting to fetch landmarks for Charleston, WV...
2025-12-06 15:52:46,831 [INFO] Fetched landmarks for Charleston, WV successfully.
2025-12-06 15:52:46,832 [INFO] Caching 3354 landmarks to Charleston, WV...
2025-12-06 15:52:46,833 [INFO] Saving cache...
2025-12-06 15:52:46,934 [INFO] Cache saved successfully
2025-12-06 15:52:46,934 [INFO] Landmarks for Charleston, WV cached successfully
2025-12-06 15:52:46,936 [INFO] Attempting to fetch landmarks for Chatsworth, CA...
2025-12-06 15:52:49,115 [INFO] Fetched landmarks for Chatsworth, CA successfully.
2025-12-06 15:52:49,116 [INFO] Caching 72 landmarks to Chatsworth, CA...
2025-12-06 15:52:49,116 [INFO] Saving cache...
2025-12-06 15:52:49,214 [INFO] Cache saved successfully
2025-12-06 15:52:49,214 [INFO] Landmarks for Chatsworth, CA cached successfully
2025-12-06 15:52:49,215 [INFO] Attempting to fetch landmarks for Alpharetta, GA...
2025-12-06 15:52:51,238 [INFO] Fetched landmarks for Alpharetta, GA successfully.
2025-12-06 15:52:51,238 [INFO] Caching 321 landmarks to Alpharetta, GA...
2025-12-06 15:52:51,239 [INFO] Saving cache...
2025-12-06 15:52:51,341 [INFO] Cache saved successfully
2025-12-06 15:52:51,341 [INFO] Landmarks for Alpharetta, GA cached successfully
2025-12-06 15:52:51,342 [INFO] Attempting to fetch landmarks for Marblehead, MA...
2025-12-06 15:52:53,317 [INFO] Fetched landmarks for Marblehead, MA successfully.
2025-12-06 15:52:53,317 [INFO] Caching 235 landmarks to Marblehead, MA...
2025-12-06 15:52:53,317 [INFO] Saving cache...
2025-12-06 15:52:53,422 [INFO] Cache saved successfully
2025-12-06 15:52:53,422 [INFO] Landmarks for Marblehead, MA cached successfully
2025-12-06 15:52:53,423 [INFO] Attempting to fetch landmarks for Washington, DC...
