2025-12-07 17:51:29,534 [INFO] Initializing...
2025-12-07 17:51:29,541 [INFO] Configuring settings...
2025-12-07 17:51:29,541 [INFO] Settings configured successfully
2025-12-07 17:51:29,541 [INFO] Loading and cleaning data...
2025-12-07 17:51:39,530 [INFO] Data successfully loaded and cleaned.
2025-12-07 17:51:39,531 [INFO] Creating API clients coordinates...
2025-12-07 17:51:39,531 [INFO] Loading cache...
2025-12-07 17:51:39,559 [INFO] Cache loaded successfully: 3556 entries.
2025-12-07 17:51:39,559 [INFO] CityCentersClient initialized
2025-12-07 17:51:39,560 [INFO] Loading cache...
2025-12-07 17:51:42,460 [INFO] Cache loaded successfully: 3556 entries.
2025-12-07 17:51:42,460 [INFO] LandmarksClient initialized
2025-12-07 17:51:42,460 [INFO] API clients successfully generated.
2025-12-07 17:51:42,460 [INFO] Fetching city center coordinates...
2025-12-07 17:51:42,474 [INFO] Fetched landmarks for 3556 cities successfully.
2025-12-07 17:51:42,475 [INFO] City centers successfully generated.
2025-12-07 17:51:42,475 [INFO] Fetching landmark coordinates...
2025-12-07 17:51:42,489 [INFO] Fetching landmarks...
2025-12-07 17:51:42,491 [INFO] Fetched landmarks for 3556 cities successfully.
2025-12-07 17:51:42,491 [INFO] Landmarks successfully fetched.
2025-12-07 17:51:42,491 [INFO] Finding and appending nearest neighbor data...
2025-12-07 17:52:04,079 [INFO] Data successfully appended.
2025-12-07 17:52:04,097 [INFO] Generating scatter plots...
2025-12-07 17:52:04,097 [INFO] Building 2D scatter plot: Price_vs_Distance_to_Nearest_City_Center ...
2025-12-07 17:52:07,897 [INFO] 2D scatter plot created successfully.
2025-12-07 17:52:07,897 [INFO] Saving 2D scatter plot to c:\users\offic\onedrive\documents\college courses\2025\8. fall semester\comsci 230 - principles of programming languages\final project\proxicity\out\figures/price_vs_distance_to_nearest_city_center.svg
2025-12-07 17:52:08,794 [INFO] 2D scatter plot saved to c:\users\offic\onedrive\documents\college courses\2025\8. fall semester\comsci 230 - principles of programming languages\final project\proxicity\out\figures/price_vs_distance_to_nearest_city_center.svg
2025-12-07 17:52:08,803 [INFO] Building 2D scatter plot: Price_vs_Distance_to_Nearest_Landmark ...
2025-12-07 17:52:12,566 [INFO] 2D scatter plot created successfully.
2025-12-07 17:52:12,566 [INFO] Saving 2D scatter plot to c:\users\offic\onedrive\documents\college courses\2025\8. fall semester\comsci 230 - principles of programming languages\final project\proxicity\out\figures/price_vs_distance_to_nearest_landmark.svg
2025-12-07 17:52:13,459 [INFO] 2D scatter plot saved to c:\users\offic\onedrive\documents\college courses\2025\8. fall semester\comsci 230 - principles of programming languages\final project\proxicity\out\figures/price_vs_distance_to_nearest_landmark.svg
2025-12-07 17:52:13,467 [INFO] Building 3D scatter plot: 3D_Plot_Prices_vs_Distances ...
2025-12-07 17:52:13,607 [INFO] 3D scatter plot created successfully.
2025-12-07 17:52:13,607 [INFO] Saving 3D scatter plot to c:\users\offic\onedrive\documents\college courses\2025\8. fall semester\comsci 230 - principles of programming languages\final project\proxicity\out\figures/3d_plot_prices_vs_distances.svg ...
2025-12-07 17:52:17,661 [INFO] 3D relationship plot saved: c:\users\offic\onedrive\documents\college courses\2025\8. fall semester\comsci 230 - principles of programming languages\final project\proxicity\out\figures/3d_plot_prices_vs_distances.svg
2025-12-07 17:52:33,334 [INFO] Plots successfully exported.
2025-12-07 17:52:33,334 [INFO] Creating 'Correlation Heatmap'...
2025-12-07 17:52:33,334 [INFO] Building basic heatmap: Correlation_Heatmap...
2025-12-07 17:52:33,551 [INFO] Heat map created successfully.
2025-12-07 17:52:33,551 [INFO] Saving heatmap to c:\users\offic\onedrive\documents\college courses\2025\8. fall semester\comsci 230 - principles of programming languages\final project\proxicity\out\figures/correlation_heatmap.svg...
2025-12-07 17:52:33,634 [INFO] Correlations heatmap saved: c:\users\offic\onedrive\documents\college courses\2025\8. fall semester\comsci 230 - principles of programming languages\final project\proxicity\out\figures/correlation_heatmap.svg.svg
2025-12-07 17:52:38,060 [INFO] Scatter plot successfully exported.
2025-12-07 17:52:38,060 [INFO] Exporting final data stream
2025-12-07 17:52:38,060 [ERROR] The program ended unexpectedly
