2025-12-07 18:27:33,329 [INFO] Initializing...
2025-12-07 18:27:33,337 [INFO] Configuring settings...
2025-12-07 18:27:33,337 [INFO] Settings configured successfully
2025-12-07 18:27:33,337 [INFO] Loading and cleaning data...
2025-12-07 18:27:44,286 [INFO] Data successfully loaded and cleaned.
2025-12-07 18:27:44,286 [INFO] Creating API clients coordinates...
2025-12-07 18:27:44,286 [INFO] Loading cache...
2025-12-07 18:27:44,315 [INFO] Cache loaded successfully: 3556 entries.
2025-12-07 18:27:44,316 [INFO] CityCentersClient initialized
2025-12-07 18:27:44,316 [INFO] Loading cache...
2025-12-07 18:27:47,452 [INFO] Cache loaded successfully: 3556 entries.
2025-12-07 18:27:47,452 [INFO] LandmarksClient initialized
2025-12-07 18:27:47,452 [INFO] API clients successfully generated.
2025-12-07 18:27:47,452 [INFO] Fetching city center coordinates...
2025-12-07 18:27:47,469 [INFO] Fetched landmarks for 3488 cities successfully.
2025-12-07 18:27:47,469 [INFO] City centers successfully generated.
2025-12-07 18:27:47,469 [INFO] Fetching landmark coordinates...
2025-12-07 18:27:47,619 [INFO] Fetching landmarks...
2025-12-07 18:27:47,622 [INFO] Fetched landmarks for 3488 cities successfully.
2025-12-07 18:27:47,622 [INFO] Landmarks successfully fetched.
2025-12-07 18:27:47,622 [INFO] Finding and appending nearest neighbor data...
2025-12-07 18:28:11,722 [INFO] Data successfully appended.
2025-12-07 18:28:11,741 [INFO] Generating scatter plots...
2025-12-07 18:28:11,741 [INFO] Building 2D scatter plot: Price_vs_Distance_to_Nearest_City_Center ...
2025-12-07 18:28:16,979 [INFO] 2D scatter plot created successfully.
2025-12-07 18:28:16,979 [INFO] Saving 2D scatter plot to c:\users\offic\onedrive\documents\college courses\2025\8. fall semester\comsci 230 - principles of programming languages\final project\proxicity\out\figures/price_vs_distance_to_nearest_city_center.svg
2025-12-07 18:28:18,220 [INFO] 2D scatter plot saved to c:\users\offic\onedrive\documents\college courses\2025\8. fall semester\comsci 230 - principles of programming languages\final project\proxicity\out\figures/price_vs_distance_to_nearest_city_center.svg
2025-12-07 18:28:18,230 [INFO] Building 2D scatter plot: Price_vs_Distance_to_Nearest_Landmark ...
2025-12-07 18:28:23,962 [INFO] 2D scatter plot created successfully.
2025-12-07 18:28:23,962 [INFO] Saving 2D scatter plot to c:\users\offic\onedrive\documents\college courses\2025\8. fall semester\comsci 230 - principles of programming languages\final project\proxicity\out\figures/price_vs_distance_to_nearest_landmark.svg
2025-12-07 18:28:25,191 [INFO] 2D scatter plot saved to c:\users\offic\onedrive\documents\college courses\2025\8. fall semester\comsci 230 - principles of programming languages\final project\proxicity\out\figures/price_vs_distance_to_nearest_landmark.svg
2025-12-07 18:28:25,201 [INFO] Plots successfully exported.
2025-12-07 18:28:25,201 [INFO] Exporting final data stream
2025-12-07 18:28:25,201 [ERROR] The program ended unexpectedly
