2025-12-07 18:37:26,114 [INFO] Initializing...
2025-12-07 18:37:26,121 [INFO] Configuring settings...
2025-12-07 18:37:26,121 [INFO] Settings configured successfully
2025-12-07 18:37:26,121 [INFO] Loading and cleaning data...
2025-12-07 18:37:36,863 [INFO] Data successfully loaded and cleaned.
2025-12-07 18:37:36,863 [INFO] Creating API clients coordinates...
2025-12-07 18:37:36,863 [INFO] Loading cache...
2025-12-07 18:37:36,893 [INFO] Cache loaded successfully: 3556 entries.
2025-12-07 18:37:36,893 [INFO] CityCentersClient initialized
2025-12-07 18:37:36,894 [INFO] Loading cache...
2025-12-07 18:37:40,045 [INFO] Cache loaded successfully: 3556 entries.
2025-12-07 18:37:40,045 [INFO] LandmarksClient initialized
2025-12-07 18:37:40,045 [INFO] API clients successfully generated.
2025-12-07 18:37:40,045 [INFO] Fetching city center coordinates...
2025-12-07 18:37:40,061 [INFO] Fetched landmarks for 3488 cities successfully.
2025-12-07 18:37:40,061 [INFO] City centers successfully generated.
2025-12-07 18:37:40,061 [INFO] Fetching landmark coordinates...
2025-12-07 18:37:40,082 [INFO] Fetching landmarks...
2025-12-07 18:37:40,085 [INFO] Fetched landmarks for 3488 cities successfully.
2025-12-07 18:37:40,085 [INFO] Landmarks successfully fetched.
2025-12-07 18:37:40,085 [INFO] Finding and appending nearest neighbor data...
2025-12-07 18:38:04,686 [INFO] Data successfully appended.
2025-12-07 18:38:04,705 [INFO] Generating scatter plots...
2025-12-07 18:38:04,705 [INFO] Building 2D scatter plot: Price_vs_Distance_to_Nearest_City_Center ...
2025-12-07 18:38:10,225 [INFO] 2D scatter plot created successfully.
2025-12-07 18:38:10,225 [INFO] Saving 2D scatter plot to c:\users\offic\onedrive\documents\college courses\2025\8. fall semester\comsci 230 - principles of programming languages\final project\proxicity\out\figures/price_vs_distance_to_nearest_city_center.svg
2025-12-07 18:38:11,471 [INFO] 2D scatter plot saved to c:\users\offic\onedrive\documents\college courses\2025\8. fall semester\comsci 230 - principles of programming languages\final project\proxicity\out\figures/price_vs_distance_to_nearest_city_center.svg
2025-12-07 18:38:11,482 [INFO] Building 2D scatter plot: Price_vs_Distance_to_Nearest_Landmark ...
2025-12-07 18:38:17,005 [INFO] 2D scatter plot created successfully.
2025-12-07 18:38:17,005 [INFO] Saving 2D scatter plot to c:\users\offic\onedrive\documents\college courses\2025\8. fall semester\comsci 230 - principles of programming languages\final project\proxicity\out\figures/price_vs_distance_to_nearest_landmark.svg
2025-12-07 18:38:18,257 [INFO] 2D scatter plot saved to c:\users\offic\onedrive\documents\college courses\2025\8. fall semester\comsci 230 - principles of programming languages\final project\proxicity\out\figures/price_vs_distance_to_nearest_landmark.svg
2025-12-07 18:38:18,268 [INFO] Plots successfully exported.
2025-12-07 18:38:18,268 [INFO] Exporting final data stream
2025-12-07 18:38:18,268 [ERROR] The program ended unexpectedly
