2025-12-07 17:53:48,165 [INFO] Initializing...
2025-12-07 17:53:48,173 [INFO] Configuring settings...
2025-12-07 17:53:48,173 [INFO] Settings configured successfully
2025-12-07 17:53:48,173 [INFO] Loading and cleaning data...
2025-12-07 17:53:58,476 [INFO] Data successfully loaded and cleaned.
2025-12-07 17:53:58,476 [INFO] Creating API clients coordinates...
2025-12-07 17:53:58,476 [INFO] Loading cache...
2025-12-07 17:53:58,502 [INFO] Cache loaded successfully: 3556 entries.
2025-12-07 17:53:58,502 [INFO] CityCentersClient initialized
2025-12-07 17:53:58,502 [INFO] Loading cache...
2025-12-07 17:54:01,511 [INFO] Cache loaded successfully: 3556 entries.
2025-12-07 17:54:01,511 [INFO] LandmarksClient initialized
2025-12-07 17:54:01,511 [INFO] API clients successfully generated.
2025-12-07 17:54:01,511 [INFO] Fetching city center coordinates...
2025-12-07 17:54:01,525 [INFO] Fetched landmarks for 3556 cities successfully.
2025-12-07 17:54:01,525 [INFO] City centers successfully generated.
2025-12-07 17:54:01,525 [INFO] Fetching landmark coordinates...
2025-12-07 17:54:01,545 [INFO] Fetching landmarks...
2025-12-07 17:54:01,548 [INFO] Fetched landmarks for 3556 cities successfully.
2025-12-07 17:54:01,548 [INFO] Landmarks successfully fetched.
2025-12-07 17:54:01,548 [INFO] Finding and appending nearest neighbor data...
2025-12-07 17:54:23,153 [INFO] Data successfully appended.
2025-12-07 17:54:23,169 [INFO] Generating scatter plots...
2025-12-07 17:54:23,169 [INFO] Building 2D scatter plot: Price_vs_Distance_to_Nearest_City_Center ...
2025-12-07 17:54:27,671 [INFO] 2D scatter plot created successfully.
2025-12-07 17:54:27,671 [INFO] Saving 2D scatter plot to c:\users\offic\onedrive\documents\college courses\2025\8. fall semester\comsci 230 - principles of programming languages\final project\proxicity\out\figures/price_vs_distance_to_nearest_city_center.svg
2025-12-07 17:54:28,742 [INFO] 2D scatter plot saved to c:\users\offic\onedrive\documents\college courses\2025\8. fall semester\comsci 230 - principles of programming languages\final project\proxicity\out\figures/price_vs_distance_to_nearest_city_center.svg
2025-12-07 17:54:28,751 [INFO] Building 2D scatter plot: Price_vs_Distance_to_Nearest_Landmark ...
2025-12-07 17:54:33,246 [INFO] 2D scatter plot created successfully.
2025-12-07 17:54:33,246 [INFO] Saving 2D scatter plot to c:\users\offic\onedrive\documents\college courses\2025\8. fall semester\comsci 230 - principles of programming languages\final project\proxicity\out\figures/price_vs_distance_to_nearest_landmark.svg
2025-12-07 17:54:34,317 [INFO] 2D scatter plot saved to c:\users\offic\onedrive\documents\college courses\2025\8. fall semester\comsci 230 - principles of programming languages\final project\proxicity\out\figures/price_vs_distance_to_nearest_landmark.svg
2025-12-07 17:54:34,327 [INFO] Building 3D scatter plot: 3D_Plot_Prices_vs_Distances ...
2025-12-07 17:54:34,470 [INFO] 3D scatter plot created successfully.
2025-12-07 17:54:34,470 [INFO] Saving 3D scatter plot to c:\users\offic\onedrive\documents\college courses\2025\8. fall semester\comsci 230 - principles of programming languages\final project\proxicity\out\figures/3d_plot_prices_vs_distances.svg ...
2025-12-07 17:54:39,574 [INFO] 3D relationship plot saved: c:\users\offic\onedrive\documents\college courses\2025\8. fall semester\comsci 230 - principles of programming languages\final project\proxicity\out\figures/3d_plot_prices_vs_distances.svg
2025-12-07 17:54:52,010 [INFO] Plots successfully exported.
2025-12-07 17:54:52,010 [INFO] Creating 'Correlation Heatmap'...
2025-12-07 17:54:52,010 [INFO] Building basic heatmap: Correlation_Heatmap...
2025-12-07 17:54:52,229 [INFO] Heat map created successfully.
2025-12-07 17:54:52,229 [INFO] Saving heatmap to c:\users\offic\onedrive\documents\college courses\2025\8. fall semester\comsci 230 - principles of programming languages\final project\proxicity\out\figures/correlation_heatmap.svg...
2025-12-07 17:54:52,314 [INFO] Correlations heatmap saved: c:\users\offic\onedrive\documents\college courses\2025\8. fall semester\comsci 230 - principles of programming languages\final project\proxicity\out\figures/correlation_heatmap.svg.svg
2025-12-07 17:54:53,707 [INFO] Scatter plot successfully exported.
2025-12-07 17:54:53,707 [INFO] Exporting final data stream
2025-12-07 17:54:53,707 [ERROR] The program ended unexpectedly
