2025-12-07 16:08:04,739 [INFO] Initializing...
2025-12-07 16:08:04,747 [INFO] Configuring settings...
2025-12-07 16:08:04,747 [INFO] Settings configured successfully
2025-12-07 16:08:04,747 [INFO] Loading and cleaning data...
2025-12-07 16:08:14,661 [INFO] Data successfully loaded and cleaned.
2025-12-07 16:08:14,662 [INFO] Creating API clients coordinates...
2025-12-07 16:08:14,662 [INFO] Loading cache...
2025-12-07 16:08:14,688 [INFO] Cache loaded successfully: 3556 entries.
2025-12-07 16:08:14,688 [INFO] CityCentersClient initialized
2025-12-07 16:08:14,688 [INFO] Loading cache...
2025-12-07 16:08:17,622 [INFO] Cache loaded successfully: 3556 entries.
2025-12-07 16:08:17,622 [INFO] LandmarksClient initialized
2025-12-07 16:08:17,622 [INFO] API clients successfully generated.
2025-12-07 16:08:17,622 [INFO] Fetching city center coordinates...
2025-12-07 16:08:17,636 [INFO] Fetched landmarks for 3556 cities successfully.
2025-12-07 16:08:17,636 [INFO] City centers successfully generated.
2025-12-07 16:08:17,636 [INFO] Fetching landmark coordinates...
2025-12-07 16:08:17,653 [INFO] Fetching landmarks...
2025-12-07 16:08:17,656 [INFO] Fetched landmarks for 3556 cities successfully.
2025-12-07 16:08:17,656 [INFO] Landmarks successfully fetched.
2025-12-07 16:08:17,656 [INFO] Finding and appending nearest neighbor data...
2025-12-07 16:08:40,977 [INFO] Data successfully appended.
2025-12-07 16:08:40,977 [INFO] Generating scatter plots...
2025-12-07 16:08:40,977 [INFO] Building 2D scatter plot: Price_vs_Distance_to_Nearest_City_Center ...
2025-12-07 16:08:46,984 [INFO] 2D scatter plot created successfully.
2025-12-07 16:08:46,984 [INFO] Saving 2D scatter plot to c:\users\offic\onedrive\documents\college courses\2025\8. fall semester\comsci 230 - principles of programming languages\final project\proxicity\out\figures/price_vs_distance_to_nearest_city_center.svg
2025-12-07 16:08:48,200 [INFO] 2D scatter plot saved to c:\users\offic\onedrive\documents\college courses\2025\8. fall semester\comsci 230 - principles of programming languages\final project\proxicity\out\figures/price_vs_distance_to_nearest_city_center.svg
2025-12-07 16:08:48,208 [INFO] Building 2D scatter plot: Price_vs_Distance_to_Nearest_Landmark ...
2025-12-07 16:08:53,394 [INFO] 2D scatter plot created successfully.
2025-12-07 16:08:53,394 [INFO] Saving 2D scatter plot to c:\users\offic\onedrive\documents\college courses\2025\8. fall semester\comsci 230 - principles of programming languages\final project\proxicity\out\figures/price_vs_distance_to_nearest_landmark.svg
2025-12-07 16:08:54,590 [INFO] 2D scatter plot saved to c:\users\offic\onedrive\documents\college courses\2025\8. fall semester\comsci 230 - principles of programming languages\final project\proxicity\out\figures/price_vs_distance_to_nearest_landmark.svg
2025-12-07 16:08:54,600 [INFO] Building 3D scatter plot: 3D_Plot_Prices_vs_Distances ...
2025-12-07 16:08:54,752 [INFO] 3D scatter plot created successfully.
2025-12-07 16:08:54,752 [INFO] Saving 3D scatter plot to c:\users\offic\onedrive\documents\college courses\2025\8. fall semester\comsci 230 - principles of programming languages\final project\proxicity\out\figures/3d_plot_prices_vs_distances.svg ...
2025-12-07 16:08:59,982 [INFO] 3D relationship plot saved: c:\users\offic\onedrive\documents\college courses\2025\8. fall semester\comsci 230 - principles of programming languages\final project\proxicity\out\figures/3d_plot_prices_vs_distances.svg
2025-12-07 16:29:08,478 [INFO] Plots successfully exported.
2025-12-07 16:29:08,478 [INFO] Creating 'Correlation Heatmap'...
2025-12-07 16:29:08,478 [INFO] Building basic heatmap: Correlation_Heatmap...
2025-12-07 16:29:08,880 [INFO] Heat map created successfully.
2025-12-07 16:29:08,880 [INFO] Saving heatmap to c:\users\offic\onedrive\documents\college courses\2025\8. fall semester\comsci 230 - principles of programming languages\final project\proxicity\out\figures/correlation_heatmap.svg...
2025-12-07 16:29:08,952 [INFO] Correlations heatmap saved: c:\users\offic\onedrive\documents\college courses\2025\8. fall semester\comsci 230 - principles of programming languages\final project\proxicity\out\figures/correlation_heatmap.svg.svg
2025-12-07 16:29:26,092 [INFO] Scatter plot successfully exported.
2025-12-07 16:29:26,092 [INFO] Creating 'Interactive Heatmap' from data...
2025-12-07 16:29:26,093 [INFO] InteractiveMapBuilder initialized with data.
2025-12-07 16:29:26,093 [INFO] Building 'Interactive Heatmap' layers...
2025-12-07 16:29:26,093 [INFO] Building interactive map...
2025-12-07 16:29:26,094 [INFO] Base empty map created.
2025-12-07 16:29:26,095 [INFO] Creating feature groups...
2025-12-07 16:29:26,095 [INFO] Groups created.
2025-12-07 16:29:26,095 [INFO] Building city-center markers layer...
2025-12-07 16:29:26,189 [INFO] City-center markers layer created.
2025-12-07 16:29:26,189 [INFO] Building landmark markers layer...
