2025-12-07 17:35:35,674 [INFO] Initializing...
2025-12-07 17:35:35,703 [INFO] Configuring settings...
2025-12-07 17:35:35,703 [INFO] Settings configured successfully
2025-12-07 17:35:35,703 [INFO] Loading and cleaning data...
2025-12-07 17:36:05,617 [INFO] Data successfully loaded and cleaned.
2025-12-07 17:36:05,617 [INFO] Creating API clients coordinates...
2025-12-07 17:36:05,619 [INFO] Loading cache...
2025-12-07 17:36:05,657 [INFO] Cache loaded successfully: 3556 entries.
2025-12-07 17:36:05,657 [INFO] CityCentersClient initialized
2025-12-07 17:36:05,658 [INFO] Loading cache...
2025-12-07 17:36:08,934 [INFO] Cache loaded successfully: 3556 entries.
2025-12-07 17:36:08,934 [INFO] LandmarksClient initialized
2025-12-07 17:36:08,934 [INFO] API clients successfully generated.
2025-12-07 17:36:08,934 [INFO] Fetching city center coordinates...
2025-12-07 17:36:08,956 [INFO] Fetched landmarks for 3556 cities successfully.
2025-12-07 17:36:08,956 [INFO] City centers successfully generated.
2025-12-07 17:36:08,956 [INFO] Fetching landmark coordinates...
2025-12-07 17:36:08,967 [INFO] Fetching landmarks...
2025-12-07 17:36:08,973 [INFO] Fetched landmarks for 3556 cities successfully.
2025-12-07 17:36:08,973 [INFO] Landmarks successfully fetched.
2025-12-07 17:36:08,974 [INFO] Finding and appending nearest neighbor data...
2025-12-07 17:37:01,919 [INFO] Data successfully appended.
2025-12-07 17:39:05,677 [INFO] Generating scatter plots...
2025-12-07 17:40:40,961 [INFO] Building 2D scatter plot: Price_vs_Distance_to_Nearest_City_Center ...
2025-12-07 17:40:46,216 [INFO] 2D scatter plot created successfully.
2025-12-07 17:40:46,216 [INFO] Saving 2D scatter plot to c:\users\offic\onedrive\documents\college courses\2025\8. fall semester\comsci 230 - principles of programming languages\final project\proxicity\out\figures/price_vs_distance_to_nearest_city_center.svg
2025-12-07 17:40:50,726 [INFO] 2D scatter plot saved to c:\users\offic\onedrive\documents\college courses\2025\8. fall semester\comsci 230 - principles of programming languages\final project\proxicity\out\figures/price_vs_distance_to_nearest_city_center.svg
2025-12-07 17:40:55,846 [INFO] Building 2D scatter plot: Price_vs_Distance_to_Nearest_Landmark ...
2025-12-07 17:41:01,067 [INFO] 2D scatter plot created successfully.
2025-12-07 17:41:01,067 [INFO] Saving 2D scatter plot to c:\users\offic\onedrive\documents\college courses\2025\8. fall semester\comsci 230 - principles of programming languages\final project\proxicity\out\figures/price_vs_distance_to_nearest_landmark.svg
2025-12-07 17:41:05,730 [INFO] 2D scatter plot saved to c:\users\offic\onedrive\documents\college courses\2025\8. fall semester\comsci 230 - principles of programming languages\final project\proxicity\out\figures/price_vs_distance_to_nearest_landmark.svg
2025-12-07 17:41:10,197 [INFO] Building 3D scatter plot: 3D_Plot_Prices_vs_Distances ...
2025-12-07 17:41:10,423 [INFO] 3D scatter plot created successfully.
2025-12-07 17:41:10,423 [INFO] Saving 3D scatter plot to c:\users\offic\onedrive\documents\college courses\2025\8. fall semester\comsci 230 - principles of programming languages\final project\proxicity\out\figures/3d_plot_prices_vs_distances.svg ...
2025-12-07 17:41:48,393 [INFO] 3D relationship plot saved: c:\users\offic\onedrive\documents\college courses\2025\8. fall semester\comsci 230 - principles of programming languages\final project\proxicity\out\figures/3d_plot_prices_vs_distances.svg
2025-12-07 17:41:48,444 [INFO] Plots successfully exported.
2025-12-07 17:41:48,444 [INFO] Creating 'Correlation Heatmap'...
2025-12-07 17:41:55,601 [INFO] Building basic heatmap: Correlation_Heatmap...
2025-12-07 17:41:55,960 [INFO] Heat map created successfully.
2025-12-07 17:41:55,960 [INFO] Saving heatmap to c:\users\offic\onedrive\documents\college courses\2025\8. fall semester\comsci 230 - principles of programming languages\final project\proxicity\out\figures/correlation_heatmap.svg...
2025-12-07 17:41:56,166 [INFO] Correlations heatmap saved: c:\users\offic\onedrive\documents\college courses\2025\8. fall semester\comsci 230 - principles of programming languages\final project\proxicity\out\figures/correlation_heatmap.svg.svg
2025-12-07 17:41:56,222 [INFO] Scatter plot successfully exported.
2025-12-07 17:41:56,222 [INFO] Creating 'Interactive Heatmap' from data...
2025-12-07 17:41:59,944 [INFO] InteractiveMapBuilder initialized with data.
2025-12-07 17:41:59,944 [INFO] Building 'Interactive Heatmap' layers...
2025-12-07 17:42:02,173 [INFO] Building interactive map...
2025-12-07 17:42:02,177 [INFO] Base empty map created.
2025-12-07 17:42:02,177 [INFO] Creating feature groups...
2025-12-07 17:42:02,177 [INFO] Groups created.
2025-12-07 17:42:02,177 [INFO] Building city-center markers layer...
2025-12-07 17:42:02,619 [INFO] City-center markers layer created.
2025-12-07 17:42:02,619 [INFO] Building landmark markers layer...
