2025-12-07 16:03:28,713 [INFO] Initializing...
2025-12-07 16:03:28,720 [INFO] Configuring settings...
2025-12-07 16:03:28,720 [INFO] Settings configured successfully
2025-12-07 16:03:28,720 [INFO] Loading and cleaning data...
2025-12-07 16:03:38,967 [INFO] Data successfully loaded and cleaned.
2025-12-07 16:03:38,967 [INFO] Creating API clients coordinates...
2025-12-07 16:03:38,967 [INFO] Loading cache...
2025-12-07 16:03:39,003 [INFO] Cache loaded successfully: 3556 entries.
2025-12-07 16:03:39,003 [INFO] CityCentersClient initialized
2025-12-07 16:03:39,004 [INFO] Loading cache...
2025-12-07 16:03:42,015 [INFO] Cache loaded successfully: 3556 entries.
2025-12-07 16:03:42,016 [INFO] LandmarksClient initialized
2025-12-07 16:03:42,016 [INFO] API clients successfully generated.
2025-12-07 16:03:42,016 [INFO] Fetching city center coordinates...
2025-12-07 16:03:42,031 [INFO] Fetched landmarks for 3556 cities successfully.
2025-12-07 16:03:42,031 [INFO] City centers successfully generated.
2025-12-07 16:03:42,031 [INFO] Fetching landmark coordinates...
2025-12-07 16:03:42,049 [INFO] Fetching landmarks...
2025-12-07 16:03:42,052 [INFO] Fetched landmarks for 3556 cities successfully.
2025-12-07 16:03:42,052 [INFO] Landmarks successfully fetched.
2025-12-07 16:03:42,052 [INFO] Finding and appending nearest neighbor data...
2025-12-07 16:04:03,791 [INFO] Data successfully appended.
2025-12-07 16:04:03,791 [INFO] Creating summary table...
2025-12-07 16:04:03,791 [ERROR] The program ended unexpectedly
