2025-12-07 16:43:54,822 [INFO] Initializing...
2025-12-07 16:43:54,829 [INFO] Configuring settings...
2025-12-07 16:43:54,829 [INFO] Settings configured successfully
2025-12-07 16:43:54,829 [INFO] Loading and cleaning data...
2025-12-07 16:44:04,695 [INFO] Data successfully loaded and cleaned.
2025-12-07 16:44:04,695 [INFO] Creating API clients coordinates...
2025-12-07 16:44:04,695 [INFO] Loading cache...
2025-12-07 16:44:04,722 [INFO] Cache loaded successfully: 3556 entries.
2025-12-07 16:44:04,722 [INFO] CityCentersClient initialized
2025-12-07 16:44:04,723 [INFO] Loading cache...
2025-12-07 16:44:07,641 [INFO] Cache loaded successfully: 3556 entries.
2025-12-07 16:44:07,641 [INFO] LandmarksClient initialized
2025-12-07 16:44:07,641 [INFO] API clients successfully generated.
2025-12-07 16:44:07,641 [INFO] Fetching city center coordinates...
2025-12-07 16:44:07,655 [INFO] Fetched landmarks for 3556 cities successfully.
2025-12-07 16:44:07,656 [INFO] City centers successfully generated.
2025-12-07 16:44:07,656 [INFO] Fetching landmark coordinates...
2025-12-07 16:44:07,673 [INFO] Fetching landmarks...
2025-12-07 16:44:07,675 [INFO] Fetched landmarks for 3556 cities successfully.
2025-12-07 16:44:07,676 [INFO] Landmarks successfully fetched.
2025-12-07 16:44:07,676 [INFO] Finding and appending nearest neighbor data...
2025-12-07 16:44:29,297 [INFO] Data successfully appended.
2025-12-07 16:44:29,297 [INFO] Generating scatter plots...
2025-12-07 16:44:29,297 [INFO] Building 2D scatter plot: Price_vs_Distance_to_Nearest_City_Center ...
2025-12-07 16:44:34,499 [INFO] 2D scatter plot created successfully.
2025-12-07 16:44:34,499 [INFO] Saving 2D scatter plot to c:\users\offic\onedrive\documents\college courses\2025\8. fall semester\comsci 230 - principles of programming languages\final project\proxicity\out\figures/price_vs_distance_to_nearest_city_center.svg
2025-12-07 16:44:35,705 [INFO] 2D scatter plot saved to c:\users\offic\onedrive\documents\college courses\2025\8. fall semester\comsci 230 - principles of programming languages\final project\proxicity\out\figures/price_vs_distance_to_nearest_city_center.svg
2025-12-07 16:44:35,714 [INFO] Building 2D scatter plot: Price_vs_Distance_to_Nearest_Landmark ...
2025-12-07 16:44:40,529 [INFO] 2D scatter plot created successfully.
2025-12-07 16:44:40,530 [INFO] Saving 2D scatter plot to c:\users\offic\onedrive\documents\college courses\2025\8. fall semester\comsci 230 - principles of programming languages\final project\proxicity\out\figures/price_vs_distance_to_nearest_landmark.svg
2025-12-07 16:44:41,652 [INFO] 2D scatter plot saved to c:\users\offic\onedrive\documents\college courses\2025\8. fall semester\comsci 230 - principles of programming languages\final project\proxicity\out\figures/price_vs_distance_to_nearest_landmark.svg
2025-12-07 16:44:41,659 [INFO] Building 3D scatter plot: 3D_Plot_Prices_vs_Distances ...
2025-12-07 16:44:41,799 [INFO] 3D scatter plot created successfully.
2025-12-07 16:44:41,799 [INFO] Saving 3D scatter plot to c:\users\offic\onedrive\documents\college courses\2025\8. fall semester\comsci 230 - principles of programming languages\final project\proxicity\out\figures/3d_plot_prices_vs_distances.svg ...
2025-12-07 16:44:46,948 [INFO] 3D relationship plot saved: c:\users\offic\onedrive\documents\college courses\2025\8. fall semester\comsci 230 - principles of programming languages\final project\proxicity\out\figures/3d_plot_prices_vs_distances.svg
2025-12-07 16:46:47,589 [INFO] Plots successfully exported.
2025-12-07 16:46:47,589 [INFO] Creating 'Correlation Heatmap'...
2025-12-07 16:46:47,589 [INFO] Building basic heatmap: Correlation_Heatmap...
2025-12-07 16:46:47,808 [INFO] Heat map created successfully.
2025-12-07 16:46:47,808 [INFO] Saving heatmap to c:\users\offic\onedrive\documents\college courses\2025\8. fall semester\comsci 230 - principles of programming languages\final project\proxicity\out\figures/correlation_heatmap.svg...
2025-12-07 16:46:47,892 [INFO] Correlations heatmap saved: c:\users\offic\onedrive\documents\college courses\2025\8. fall semester\comsci 230 - principles of programming languages\final project\proxicity\out\figures/correlation_heatmap.svg.svg
2025-12-07 16:47:00,276 [INFO] Scatter plot successfully exported.
2025-12-07 16:47:00,276 [INFO] Creating 'Interactive Heatmap' from data...
2025-12-07 16:47:00,276 [INFO] InteractiveMapBuilder initialized with data.
2025-12-07 16:47:00,276 [INFO] Building 'Interactive Heatmap' layers...
2025-12-07 16:47:00,276 [INFO] Building interactive map...
2025-12-07 16:47:00,278 [INFO] Base empty map created.
2025-12-07 16:47:00,278 [INFO] Creating feature groups...
2025-12-07 16:47:00,279 [INFO] Groups created.
2025-12-07 16:47:00,279 [INFO] Building city-center markers layer...
2025-12-07 16:47:00,594 [INFO] City-center markers layer created.
2025-12-07 16:47:00,594 [INFO] Building landmark markers layer...
2025-12-07 16:58:19,556 [INFO] Landmark markers layer created.
2025-12-07 16:58:19,556 [INFO] Building price heatmap layer...
2025-12-07 16:58:19,665 [INFO] Price heatmap layer created.
2025-12-07 16:58:19,665 [INFO] Building density heatmap layer...
2025-12-07 16:58:19,767 [INFO] Density heatmap layer created.
2025-12-07 16:58:19,767 [INFO] Attaching layers...
2025-12-07 16:58:19,767 [INFO] Layers added.
2025-12-07 16:58:19,767 [INFO] Adding map controls...
2025-12-07 16:58:19,767 [INFO] Controls added.
2025-12-07 16:58:19,767 [INFO] Interactive map built successfully.
2025-12-07 16:58:19,768 [INFO] Exporting 'Interactive Heatmap'...
2025-12-07 16:58:19,768 [INFO] Saving interactive map to C:\Users\offic\OneDrive\Documents\College Courses\2025\8. Fall Semester\COMSCI 230 - Principles of Programming Languages\Final Project\proxicity\out\figures\interactive_map_with_layers.html...
