2025-12-07 17:57:45,308 [INFO] Initializing...
2025-12-07 17:57:45,316 [INFO] Configuring settings...
2025-12-07 17:57:45,316 [INFO] Settings configured successfully
2025-12-07 17:57:45,316 [INFO] Loading and cleaning data...
2025-12-07 17:57:55,797 [INFO] Data successfully loaded and cleaned.
2025-12-07 17:57:55,797 [INFO] Creating API clients coordinates...
2025-12-07 17:57:55,798 [INFO] Loading cache...
2025-12-07 17:57:55,823 [INFO] Cache loaded successfully: 3556 entries.
2025-12-07 17:57:55,823 [INFO] CityCentersClient initialized
2025-12-07 17:57:55,824 [INFO] Loading cache...
2025-12-07 17:57:58,820 [INFO] Cache loaded successfully: 3556 entries.
2025-12-07 17:57:58,820 [INFO] LandmarksClient initialized
2025-12-07 17:57:58,820 [INFO] API clients successfully generated.
2025-12-07 17:57:58,820 [INFO] Fetching city center coordinates...
2025-12-07 17:57:58,835 [INFO] Fetched landmarks for 3556 cities successfully.
2025-12-07 17:57:58,835 [INFO] City centers successfully generated.
2025-12-07 17:57:58,835 [INFO] Fetching landmark coordinates...
2025-12-07 17:57:58,852 [INFO] Fetching landmarks...
2025-12-07 17:57:58,855 [INFO] Fetched landmarks for 3556 cities successfully.
2025-12-07 17:57:58,855 [INFO] Landmarks successfully fetched.
2025-12-07 17:57:58,855 [INFO] Finding and appending nearest neighbor data...
2025-12-07 17:58:23,585 [INFO] Data successfully appended.
2025-12-07 17:58:23,603 [INFO] Generating scatter plots...
2025-12-07 17:58:23,603 [INFO] Building 2D scatter plot: Price_vs_Distance_to_Nearest_City_Center ...
2025-12-07 17:58:29,813 [INFO] 2D scatter plot created successfully.
2025-12-07 17:58:29,813 [INFO] Saving 2D scatter plot to c:\users\offic\onedrive\documents\college courses\2025\8. fall semester\comsci 230 - principles of programming languages\final project\proxicity\out\figures/price_vs_distance_to_nearest_city_center.svg
2025-12-07 17:58:31,237 [INFO] 2D scatter plot saved to c:\users\offic\onedrive\documents\college courses\2025\8. fall semester\comsci 230 - principles of programming languages\final project\proxicity\out\figures/price_vs_distance_to_nearest_city_center.svg
2025-12-07 17:58:31,251 [INFO] Building 2D scatter plot: Price_vs_Distance_to_Nearest_Landmark ...
2025-12-07 17:58:36,701 [INFO] 2D scatter plot created successfully.
2025-12-07 17:58:36,701 [INFO] Saving 2D scatter plot to c:\users\offic\onedrive\documents\college courses\2025\8. fall semester\comsci 230 - principles of programming languages\final project\proxicity\out\figures/price_vs_distance_to_nearest_landmark.svg
2025-12-07 17:58:38,347 [INFO] 2D scatter plot saved to c:\users\offic\onedrive\documents\college courses\2025\8. fall semester\comsci 230 - principles of programming languages\final project\proxicity\out\figures/price_vs_distance_to_nearest_landmark.svg
2025-12-07 17:58:38,357 [INFO] Building 3D scatter plot: 3D_Plot_Prices_vs_Distances ...
2025-12-07 17:58:38,517 [INFO] 3D scatter plot created successfully.
2025-12-07 17:58:38,518 [INFO] Saving 3D scatter plot to c:\users\offic\onedrive\documents\college courses\2025\8. fall semester\comsci 230 - principles of programming languages\final project\proxicity\out\figures/3d_plot_prices_vs_distances.svg ...
2025-12-07 17:58:43,724 [INFO] 3D relationship plot saved: c:\users\offic\onedrive\documents\college courses\2025\8. fall semester\comsci 230 - principles of programming languages\final project\proxicity\out\figures/3d_plot_prices_vs_distances.svg
2025-12-07 17:59:06,259 [INFO] Plots successfully exported.
2025-12-07 17:59:06,259 [INFO] Creating 'Correlation Heatmap'...
2025-12-07 17:59:06,259 [INFO] Building basic heatmap: Correlation_Heatmap...
2025-12-07 17:59:06,482 [INFO] Heat map created successfully.
2025-12-07 17:59:06,482 [INFO] Saving heatmap to c:\users\offic\onedrive\documents\college courses\2025\8. fall semester\comsci 230 - principles of programming languages\final project\proxicity\out\figures/correlation_heatmap.svg...
2025-12-07 17:59:06,570 [INFO] Correlations heatmap saved: c:\users\offic\onedrive\documents\college courses\2025\8. fall semester\comsci 230 - principles of programming languages\final project\proxicity\out\figures/correlation_heatmap.svg.svg
2025-12-07 17:59:08,213 [INFO] Scatter plot successfully exported.
2025-12-07 17:59:08,213 [INFO] Exporting final data stream
2025-12-07 17:59:08,213 [ERROR] The program ended unexpectedly
