2025-12-07 18:05:58,049 [INFO] Initializing...
2025-12-07 18:05:58,056 [INFO] Configuring settings...
2025-12-07 18:05:58,056 [INFO] Settings configured successfully
2025-12-07 18:05:58,056 [INFO] Loading and cleaning data...
2025-12-07 18:06:08,438 [INFO] Data successfully loaded and cleaned.
2025-12-07 18:06:08,438 [INFO] Creating API clients coordinates...
2025-12-07 18:06:08,439 [INFO] Loading cache...
2025-12-07 18:06:08,465 [INFO] Cache loaded successfully: 3556 entries.
2025-12-07 18:06:08,465 [INFO] CityCentersClient initialized
2025-12-07 18:06:08,466 [INFO] Loading cache...
2025-12-07 18:06:11,780 [INFO] Cache loaded successfully: 3556 entries.
2025-12-07 18:06:11,781 [INFO] LandmarksClient initialized
2025-12-07 18:06:11,781 [INFO] API clients successfully generated.
2025-12-07 18:06:11,781 [INFO] Fetching city center coordinates...
2025-12-07 18:06:11,798 [INFO] Fetched landmarks for 3541 cities successfully.
2025-12-07 18:06:11,798 [INFO] City centers successfully generated.
2025-12-07 18:06:11,798 [INFO] Fetching landmark coordinates...
2025-12-07 18:06:11,816 [INFO] Fetching landmarks...
2025-12-07 18:06:11,820 [INFO] Fetched landmarks for 3541 cities successfully.
2025-12-07 18:06:11,820 [INFO] Landmarks successfully fetched.
2025-12-07 18:06:11,820 [INFO] Finding and appending nearest neighbor data...
2025-12-07 18:06:36,759 [INFO] Data successfully appended.
2025-12-07 18:06:36,777 [INFO] Generating scatter plots...
2025-12-07 18:06:36,777 [INFO] Building 2D scatter plot: Price_vs_Distance_to_Nearest_City_Center ...
2025-12-07 18:06:42,090 [INFO] 2D scatter plot created successfully.
2025-12-07 18:06:42,090 [INFO] Saving 2D scatter plot to c:\users\offic\onedrive\documents\college courses\2025\8. fall semester\comsci 230 - principles of programming languages\final project\proxicity\out\figures/price_vs_distance_to_nearest_city_center.svg
2025-12-07 18:06:43,341 [INFO] 2D scatter plot saved to c:\users\offic\onedrive\documents\college courses\2025\8. fall semester\comsci 230 - principles of programming languages\final project\proxicity\out\figures/price_vs_distance_to_nearest_city_center.svg
2025-12-07 18:06:43,350 [INFO] Building 2D scatter plot: Price_vs_Distance_to_Nearest_Landmark ...
2025-12-07 18:06:48,571 [INFO] 2D scatter plot created successfully.
2025-12-07 18:06:48,571 [INFO] Saving 2D scatter plot to c:\users\offic\onedrive\documents\college courses\2025\8. fall semester\comsci 230 - principles of programming languages\final project\proxicity\out\figures/price_vs_distance_to_nearest_landmark.svg
2025-12-07 18:06:49,784 [INFO] 2D scatter plot saved to c:\users\offic\onedrive\documents\college courses\2025\8. fall semester\comsci 230 - principles of programming languages\final project\proxicity\out\figures/price_vs_distance_to_nearest_landmark.svg
2025-12-07 18:06:49,793 [INFO] Plots successfully exported.
2025-12-07 18:06:49,793 [INFO] Exporting final data stream
2025-12-07 18:06:49,793 [ERROR] The program ended unexpectedly
