2025-12-07 18:11:46,642 [INFO] Initializing...
2025-12-07 18:11:46,650 [INFO] Configuring settings...
2025-12-07 18:11:46,650 [INFO] Settings configured successfully
2025-12-07 18:11:46,650 [INFO] Loading and cleaning data...
2025-12-07 18:11:57,290 [INFO] Data successfully loaded and cleaned.
2025-12-07 18:11:57,290 [INFO] Creating API clients coordinates...
2025-12-07 18:11:57,291 [INFO] Loading cache...
2025-12-07 18:11:57,320 [INFO] Cache loaded successfully: 3556 entries.
2025-12-07 18:11:57,320 [INFO] CityCentersClient initialized
2025-12-07 18:11:57,321 [INFO] Loading cache...
2025-12-07 18:12:00,491 [INFO] Cache loaded successfully: 3556 entries.
2025-12-07 18:12:00,491 [INFO] LandmarksClient initialized
2025-12-07 18:12:00,491 [INFO] API clients successfully generated.
2025-12-07 18:12:00,491 [INFO] Fetching city center coordinates...
2025-12-07 18:12:00,509 [INFO] Fetched landmarks for 3556 cities successfully.
2025-12-07 18:12:00,509 [INFO] City centers successfully generated.
2025-12-07 18:12:00,509 [INFO] Fetching landmark coordinates...
2025-12-07 18:12:00,529 [INFO] Fetching landmarks...
2025-12-07 18:12:00,535 [INFO] Fetched landmarks for 3556 cities successfully.
2025-12-07 18:12:00,535 [INFO] Landmarks successfully fetched.
2025-12-07 18:12:00,535 [INFO] Finding and appending nearest neighbor data...
2025-12-07 18:12:27,853 [INFO] Data successfully appended.
2025-12-07 18:12:27,876 [INFO] Generating scatter plots...
2025-12-07 18:12:27,876 [INFO] Building 2D scatter plot: Price_vs_Distance_to_Nearest_City_Center ...
2025-12-07 18:12:33,365 [INFO] 2D scatter plot created successfully.
2025-12-07 18:12:33,365 [INFO] Saving 2D scatter plot to c:\users\offic\onedrive\documents\college courses\2025\8. fall semester\comsci 230 - principles of programming languages\final project\proxicity\out\figures/price_vs_distance_to_nearest_city_center.svg
2025-12-07 18:12:34,551 [INFO] 2D scatter plot saved to c:\users\offic\onedrive\documents\college courses\2025\8. fall semester\comsci 230 - principles of programming languages\final project\proxicity\out\figures/price_vs_distance_to_nearest_city_center.svg
2025-12-07 18:12:34,561 [INFO] Building 2D scatter plot: Price_vs_Distance_to_Nearest_Landmark ...
2025-12-07 18:12:39,897 [INFO] 2D scatter plot created successfully.
2025-12-07 18:12:39,897 [INFO] Saving 2D scatter plot to c:\users\offic\onedrive\documents\college courses\2025\8. fall semester\comsci 230 - principles of programming languages\final project\proxicity\out\figures/price_vs_distance_to_nearest_landmark.svg
2025-12-07 18:12:41,230 [INFO] 2D scatter plot saved to c:\users\offic\onedrive\documents\college courses\2025\8. fall semester\comsci 230 - principles of programming languages\final project\proxicity\out\figures/price_vs_distance_to_nearest_landmark.svg
2025-12-07 18:12:41,239 [INFO] Plots successfully exported.
2025-12-07 18:12:41,239 [INFO] Exporting final data stream
2025-12-07 18:12:41,240 [ERROR] The program ended unexpectedly
