2025-12-07 18:33:00,938 [INFO] Initializing...
2025-12-07 18:33:00,945 [INFO] Configuring settings...
2025-12-07 18:33:00,945 [INFO] Settings configured successfully
2025-12-07 18:33:00,945 [INFO] Loading and cleaning data...
2025-12-07 18:33:11,708 [INFO] Data successfully loaded and cleaned.
2025-12-07 18:33:11,708 [INFO] Creating API clients coordinates...
2025-12-07 18:33:11,709 [INFO] Loading cache...
2025-12-07 18:33:11,738 [INFO] Cache loaded successfully: 3556 entries.
2025-12-07 18:33:11,738 [INFO] CityCentersClient initialized
2025-12-07 18:33:11,739 [INFO] Loading cache...
2025-12-07 18:33:14,919 [INFO] Cache loaded successfully: 3556 entries.
2025-12-07 18:33:14,919 [INFO] LandmarksClient initialized
2025-12-07 18:33:14,919 [INFO] API clients successfully generated.
2025-12-07 18:33:14,919 [INFO] Fetching city center coordinates...
2025-12-07 18:33:14,938 [INFO] Fetched landmarks for 3488 cities successfully.
2025-12-07 18:33:14,938 [INFO] City centers successfully generated.
2025-12-07 18:33:14,938 [INFO] Fetching landmark coordinates...
2025-12-07 18:33:14,958 [INFO] Fetching landmarks...
2025-12-07 18:33:14,961 [INFO] Fetched landmarks for 3488 cities successfully.
2025-12-07 18:33:14,962 [INFO] Landmarks successfully fetched.
2025-12-07 18:33:14,962 [INFO] Finding and appending nearest neighbor data...
2025-12-07 18:33:40,394 [INFO] Data successfully appended.
2025-12-07 18:33:40,415 [INFO] Generating scatter plots...
2025-12-07 18:33:40,415 [INFO] Building 2D scatter plot: Price_vs_Distance_to_Nearest_City_Center ...
2025-12-07 18:33:46,293 [INFO] 2D scatter plot created successfully.
2025-12-07 18:33:46,293 [INFO] Saving 2D scatter plot to c:\users\offic\onedrive\documents\college courses\2025\8. fall semester\comsci 230 - principles of programming languages\final project\proxicity\out\figures/price_vs_distance_to_nearest_city_center.svg
2025-12-07 18:33:47,507 [INFO] 2D scatter plot saved to c:\users\offic\onedrive\documents\college courses\2025\8. fall semester\comsci 230 - principles of programming languages\final project\proxicity\out\figures/price_vs_distance_to_nearest_city_center.svg
2025-12-07 18:33:47,516 [INFO] Building 2D scatter plot: Price_vs_Distance_to_Nearest_Landmark ...
2025-12-07 18:33:52,740 [INFO] 2D scatter plot created successfully.
2025-12-07 18:33:52,740 [INFO] Saving 2D scatter plot to c:\users\offic\onedrive\documents\college courses\2025\8. fall semester\comsci 230 - principles of programming languages\final project\proxicity\out\figures/price_vs_distance_to_nearest_landmark.svg
2025-12-07 18:33:54,108 [INFO] 2D scatter plot saved to c:\users\offic\onedrive\documents\college courses\2025\8. fall semester\comsci 230 - principles of programming languages\final project\proxicity\out\figures/price_vs_distance_to_nearest_landmark.svg
2025-12-07 18:33:54,120 [INFO] Plots successfully exported.
2025-12-07 18:33:54,120 [INFO] Exporting final data stream
2025-12-07 18:33:54,120 [ERROR] The program ended unexpectedly
