2025-12-07 18:09:58,936 [INFO] Initializing...
2025-12-07 18:09:58,943 [INFO] Configuring settings...
2025-12-07 18:09:58,943 [INFO] Settings configured successfully
2025-12-07 18:09:58,943 [INFO] Loading and cleaning data...
2025-12-07 18:10:09,267 [INFO] Data successfully loaded and cleaned.
2025-12-07 18:10:09,267 [INFO] Creating API clients coordinates...
2025-12-07 18:10:09,268 [INFO] Loading cache...
2025-12-07 18:10:09,295 [INFO] Cache loaded successfully: 3556 entries.
2025-12-07 18:10:09,295 [INFO] CityCentersClient initialized
2025-12-07 18:10:09,295 [INFO] Loading cache...
2025-12-07 18:10:12,423 [INFO] Cache loaded successfully: 3556 entries.
2025-12-07 18:10:12,423 [INFO] LandmarksClient initialized
2025-12-07 18:10:12,423 [INFO] API clients successfully generated.
2025-12-07 18:10:12,423 [INFO] Fetching city center coordinates...
2025-12-07 18:10:12,443 [INFO] Fetched landmarks for 3490 cities successfully.
2025-12-07 18:10:12,444 [INFO] City centers successfully generated.
2025-12-07 18:10:12,444 [INFO] Fetching landmark coordinates...
2025-12-07 18:10:12,466 [INFO] Fetching landmarks...
2025-12-07 18:10:12,471 [INFO] Fetched landmarks for 3490 cities successfully.
2025-12-07 18:10:12,471 [INFO] Landmarks successfully fetched.
2025-12-07 18:10:12,471 [INFO] Finding and appending nearest neighbor data...
2025-12-07 18:10:39,929 [INFO] Data successfully appended.
2025-12-07 18:10:39,947 [INFO] Generating scatter plots...
2025-12-07 18:10:39,947 [INFO] Building 2D scatter plot: Price_vs_Distance_to_Nearest_City_Center ...
2025-12-07 18:10:45,365 [INFO] 2D scatter plot created successfully.
2025-12-07 18:10:45,365 [INFO] Saving 2D scatter plot to c:\users\offic\onedrive\documents\college courses\2025\8. fall semester\comsci 230 - principles of programming languages\final project\proxicity\out\figures/price_vs_distance_to_nearest_city_center.svg
2025-12-07 18:10:46,583 [INFO] 2D scatter plot saved to c:\users\offic\onedrive\documents\college courses\2025\8. fall semester\comsci 230 - principles of programming languages\final project\proxicity\out\figures/price_vs_distance_to_nearest_city_center.svg
2025-12-07 18:10:46,592 [INFO] Building 2D scatter plot: Price_vs_Distance_to_Nearest_Landmark ...
2025-12-07 18:10:51,933 [INFO] 2D scatter plot created successfully.
2025-12-07 18:10:51,933 [INFO] Saving 2D scatter plot to c:\users\offic\onedrive\documents\college courses\2025\8. fall semester\comsci 230 - principles of programming languages\final project\proxicity\out\figures/price_vs_distance_to_nearest_landmark.svg
2025-12-07 18:10:53,141 [INFO] 2D scatter plot saved to c:\users\offic\onedrive\documents\college courses\2025\8. fall semester\comsci 230 - principles of programming languages\final project\proxicity\out\figures/price_vs_distance_to_nearest_landmark.svg
2025-12-07 18:10:53,150 [INFO] Plots successfully exported.
2025-12-07 18:10:53,150 [INFO] Exporting final data stream
2025-12-07 18:10:53,150 [ERROR] The program ended unexpectedly
