2025-12-05 02:02:57,564 [INFO] CityCentersClient initialized
2025-12-05 02:02:57,564 [INFO] Loaded cache from C:\Users\offic\OneDrive\Documents\College Courses\2025\8. Fall Semester\COMSCI 230 - Principles of Programming Languages\Final Project\proxicity\cache\city_centers.cache
2025-12-05 02:02:58,679 [INFO] Retrying Saint Louis Park, MN in 1.1s (attempt 1)
2025-12-05 02:03:00,881 [INFO] Retrying Saint Louis Park, MN in 2.2s (attempt 2)
2025-12-05 02:03:04,182 [ERROR] Failed to fetch city center for Saint Louis Park, MN after 3 attempts
2025-12-05 02:03:04,183 [INFO] Saved cache to C:\Users\offic\OneDrive\Documents\College Courses\2025\8. Fall Semester\COMSCI 230 - Principles of Programming Languages\Final Project\proxicity\cache\city_centers.cache
2025-12-05 02:03:05,284 [INFO] Retrying Eagle River, AK in 1.1s (attempt 1)
2025-12-05 02:03:07,486 [INFO] Retrying Eagle River, AK in 2.2s (attempt 2)
2025-12-05 02:03:10,787 [ERROR] Failed to fetch city center for Eagle River, AK after 3 attempts
2025-12-05 02:03:10,788 [INFO] Saved cache to C:\Users\offic\OneDrive\Documents\College Courses\2025\8. Fall Semester\COMSCI 230 - Principles of Programming Languages\Final Project\proxicity\cache\city_centers.cache
2025-12-05 02:03:11,888 [INFO] Retrying Broomfield, CO in 1.1s (attempt 1)
2025-12-05 02:03:14,090 [INFO] Retrying Broomfield, CO in 2.2s (attempt 2)
2025-12-05 02:03:17,391 [ERROR] Failed to fetch city center for Broomfield, CO after 3 attempts
2025-12-05 02:03:17,392 [INFO] Saved cache to C:\Users\offic\OneDrive\Documents\College Courses\2025\8. Fall Semester\COMSCI 230 - Principles of Programming Languages\Final Project\proxicity\cache\city_centers.cache
2025-12-05 02:03:18,493 [INFO] Retrying North Richland Hills, TX in 1.1s (attempt 1)
2025-12-05 02:03:20,695 [INFO] Retrying North Richland Hills, TX in 2.2s (attempt 2)
2025-12-05 02:03:23,996 [ERROR] Failed to fetch city center for North Richland Hills, TX after 3 attempts
2025-12-05 02:03:23,996 [INFO] Saved cache to C:\Users\offic\OneDrive\Documents\College Courses\2025\8. Fall Semester\COMSCI 230 - Principles of Programming Languages\Final Project\proxicity\cache\city_centers.cache
2025-12-05 02:03:25,097 [INFO] Retrying Youngsville, NC in 1.1s (attempt 1)
2025-12-05 02:03:27,299 [INFO] Retrying Youngsville, NC in 2.2s (attempt 2)
2025-12-05 02:03:30,601 [ERROR] Failed to fetch city center for Youngsville, NC after 3 attempts
2025-12-05 02:03:30,602 [INFO] Saved cache to C:\Users\offic\OneDrive\Documents\College Courses\2025\8. Fall Semester\COMSCI 230 - Principles of Programming Languages\Final Project\proxicity\cache\city_centers.cache
2025-12-05 02:03:31,703 [INFO] Retrying Durham, NC in 1.1s (attempt 1)
2025-12-05 02:03:33,905 [INFO] Retrying Durham, NC in 2.2s (attempt 2)
2025-12-05 02:03:37,206 [ERROR] Failed to fetch city center for Durham, NC after 3 attempts
2025-12-05 02:03:37,207 [INFO] Saved cache to C:\Users\offic\OneDrive\Documents\College Courses\2025\8. Fall Semester\COMSCI 230 - Principles of Programming Languages\Final Project\proxicity\cache\city_centers.cache
2025-12-05 02:03:38,308 [INFO] Retrying Richmond, TX in 1.1s (attempt 1)
2025-12-05 02:03:40,509 [INFO] Retrying Richmond, TX in 2.2s (attempt 2)
2025-12-05 02:03:43,810 [ERROR] Failed to fetch city center for Richmond, TX after 3 attempts
2025-12-05 02:03:43,811 [INFO] Saved cache to C:\Users\offic\OneDrive\Documents\College Courses\2025\8. Fall Semester\COMSCI 230 - Principles of Programming Languages\Final Project\proxicity\cache\city_centers.cache
2025-12-05 02:03:44,912 [INFO] Retrying Crosby, TX in 1.1s (attempt 1)
2025-12-05 02:03:47,113 [INFO] Retrying Crosby, TX in 2.2s (attempt 2)
2025-12-05 02:03:50,415 [ERROR] Failed to fetch city center for Crosby, TX after 3 attempts
2025-12-05 02:03:50,416 [INFO] Saved cache to C:\Users\offic\OneDrive\Documents\College Courses\2025\8. Fall Semester\COMSCI 230 - Principles of Programming Languages\Final Project\proxicity\cache\city_centers.cache
2025-12-05 02:03:51,517 [INFO] Retrying Elizabeth, NJ in 1.1s (attempt 1)
2025-12-05 02:03:53,719 [INFO] Retrying Elizabeth, NJ in 2.2s (attempt 2)
2025-12-05 02:03:57,020 [ERROR] Failed to fetch city center for Elizabeth, NJ after 3 attempts
2025-12-05 02:03:57,021 [INFO] Saved cache to C:\Users\offic\OneDrive\Documents\College Courses\2025\8. Fall Semester\COMSCI 230 - Principles of Programming Languages\Final Project\proxicity\cache\city_centers.cache
2025-12-05 02:03:58,122 [INFO] Retrying Ashland, OR in 1.1s (attempt 1)
2025-12-05 02:04:00,323 [INFO] Retrying Ashland, OR in 2.2s (attempt 2)
2025-12-05 02:04:03,625 [ERROR] Failed to fetch city center for Ashland, OR after 3 attempts
2025-12-05 02:04:03,626 [INFO] Saved cache to C:\Users\offic\OneDrive\Documents\College Courses\2025\8. Fall Semester\COMSCI 230 - Principles of Programming Languages\Final Project\proxicity\cache\city_centers.cache
2025-12-05 02:04:04,727 [INFO] Retrying Rowlett, TX in 1.1s (attempt 1)
2025-12-05 02:04:06,928 [INFO] Retrying Rowlett, TX in 2.2s (attempt 2)
2025-12-05 02:04:10,230 [ERROR] Failed to fetch city center for Rowlett, TX after 3 attempts
2025-12-05 02:04:10,230 [INFO] Saved cache to C:\Users\offic\OneDrive\Documents\College Courses\2025\8. Fall Semester\COMSCI 230 - Principles of Programming Languages\Final Project\proxicity\cache\city_centers.cache
2025-12-05 02:04:11,331 [INFO] Retrying Denton, TX in 1.1s (attempt 1)
2025-12-05 02:04:13,533 [INFO] Retrying Denton, TX in 2.2s (attempt 2)
2025-12-05 02:04:16,834 [ERROR] Failed to fetch city center for Denton, TX after 3 attempts
2025-12-05 02:04:16,834 [INFO] Saved cache to C:\Users\offic\OneDrive\Documents\College Courses\2025\8. Fall Semester\COMSCI 230 - Principles of Programming Languages\Final Project\proxicity\cache\city_centers.cache
2025-12-05 02:04:17,935 [INFO] Retrying Murray, UT in 1.1s (attempt 1)
2025-12-05 02:04:20,137 [INFO] Retrying Murray, UT in 2.2s (attempt 2)
2025-12-05 02:04:23,438 [ERROR] Failed to fetch city center for Murray, UT after 3 attempts
2025-12-05 02:04:23,439 [INFO] Saved cache to C:\Users\offic\OneDrive\Documents\College Courses\2025\8. Fall Semester\COMSCI 230 - Principles of Programming Languages\Final Project\proxicity\cache\city_centers.cache
2025-12-05 02:04:24,540 [INFO] Retrying South Burlington, VT in 1.1s (attempt 1)
2025-12-05 02:04:26,741 [INFO] Retrying South Burlington, VT in 2.2s (attempt 2)
2025-12-05 02:04:30,043 [ERROR] Failed to fetch city center for South Burlington, VT after 3 attempts
2025-12-05 02:04:30,043 [INFO] Saved cache to C:\Users\offic\OneDrive\Documents\College Courses\2025\8. Fall Semester\COMSCI 230 - Principles of Programming Languages\Final Project\proxicity\cache\city_centers.cache
2025-12-05 02:04:31,144 [INFO] Retrying Savannah, GA in 1.1s (attempt 1)
2025-12-05 02:04:33,346 [INFO] Retrying Savannah, GA in 2.2s (attempt 2)
2025-12-05 02:04:36,647 [ERROR] Failed to fetch city center for Savannah, GA after 3 attempts
2025-12-05 02:04:36,648 [INFO] Saved cache to C:\Users\offic\OneDrive\Documents\College Courses\2025\8. Fall Semester\COMSCI 230 - Principles of Programming Languages\Final Project\proxicity\cache\city_centers.cache
2025-12-05 02:04:37,749 [INFO] Retrying Rogers, AR in 1.1s (attempt 1)
2025-12-05 02:04:39,950 [INFO] Retrying Rogers, AR in 2.2s (attempt 2)
2025-12-05 02:04:43,252 [ERROR] Failed to fetch city center for Rogers, AR after 3 attempts
2025-12-05 02:04:43,252 [INFO] Saved cache to C:\Users\offic\OneDrive\Documents\College Courses\2025\8. Fall Semester\COMSCI 230 - Principles of Programming Languages\Final Project\proxicity\cache\city_centers.cache
2025-12-05 02:04:44,353 [INFO] Retrying Wichita Falls, TX in 1.1s (attempt 1)
2025-12-05 02:04:46,555 [INFO] Retrying Wichita Falls, TX in 2.2s (attempt 2)
2025-12-05 02:04:49,856 [ERROR] Failed to fetch city center for Wichita Falls, TX after 3 attempts
2025-12-05 02:04:49,857 [INFO] Saved cache to C:\Users\offic\OneDrive\Documents\College Courses\2025\8. Fall Semester\COMSCI 230 - Principles of Programming Languages\Final Project\proxicity\cache\city_centers.cache
2025-12-05 02:04:50,958 [INFO] Retrying Huntington Beach, CA in 1.1s (attempt 1)
2025-12-05 02:04:53,159 [INFO] Retrying Huntington Beach, CA in 2.2s (attempt 2)
2025-12-05 02:04:56,460 [ERROR] Failed to fetch city center for Huntington Beach, CA after 3 attempts
2025-12-05 02:04:56,461 [INFO] Saved cache to C:\Users\offic\OneDrive\Documents\College Courses\2025\8. Fall Semester\COMSCI 230 - Principles of Programming Languages\Final Project\proxicity\cache\city_centers.cache
